<?xml version="1.0" encoding="UTF-8"?>
<testsuite xmlns="http://www.dextratech.com/testsuite" xmlns:xsi="http://www.w3.org/2001/XMLSchema-instance" xsi:schemaLocation="http://www.dextratech.com/testsuite ../../src/test/resources/testsuite.xsd ">

	<!-- Names must be valid for [a-zA-Z_$][a-zA-Z_$0-9\s]* -->

	<name>Onload</name>
	
	<testcase name="testing_alert_onload" url="/" run="true" success="true">
		<action actionType="echo" locatorValue="logging??????	??" />
		<action actionType="getAlert" additionalParameter="algo"/>
		<include componentName="micomp"/>
		<field name="algo">
			<validateFunctionRef functionRefId="fnASD"/>
		</field>
		<afterErrorActions>
			<action actionType="echo" locatorValue="AN AFTER ERROR ACTION"/>
			<captureScreenshot/>
		</afterErrorActions>
	</testcase>
	
	<component name="micomp">
		<action actionType="click" locatorType="link" locatorValue="Find owners"/>
		<assert type="assertTextPresent" param1="Find Owners"/>
		<captureScreenshot/>
	</component>

	<validationRules>
		<function type="string" id="fnASD" valid="true">
			<value>ok</value>
		</function>
	</validationRules>
</testsuite>
